<?xml version="1.0" encoding="UTF-8"?>
<!-- Generated by org.testng.reporters.JUnitReportReporter -->
<testsuite hostname="INHYNMKORUKON02" failures="0" tests="1" name="tests.XM3920" time="58.251" errors="0" timestamp="2024-07-17T13:43:51 IST" skipped="0">
  <testcase classname="tests.XM3920" name="dotest" time="58.251"/>
</testsuite> <!-- tests.XM3920 -->
