<?xml version="1.0" encoding="UTF-8"?>
<!-- Generated by org.testng.reporters.JUnitReportReporter -->
<testsuite hostname="INRONSSAHOO101" failures="0" tests="1" name="tests.BaseClass" time="0.012" errors="0" timestamp="2024-01-17T15:53:13 IST" skipped="0">
  <testcase classname="tests.BaseClass" name="sampleTest" time="0.012"/>
</testsuite> <!-- tests.BaseClass -->
