<?xml version="1.0" encoding="UTF-8"?>
<!-- Generated by org.testng.reporters.JUnitReportReporter -->
<testsuite hostname="INRONSSAHOO102" failures="0" tests="1" name="tests.T14" time="56.803" errors="0" timestamp="2025-03-20T15:37:32 IST" skipped="0">
  <testcase classname="tests.T14" name="dotest" time="56.803"/>
</testsuite> <!-- tests.T14 -->
