<?xml version="1.0" encoding="UTF-8"?>
<!-- Generated by org.testng.reporters.JUnitReportReporter -->
<testsuite hostname="INRONSSAHOO102" failures="0" tests="1" name="tests.T16" time="39.301" errors="0" timestamp="2025-03-20T15:39:28 IST" skipped="0">
  <testcase classname="tests.T16" name="dotest" time="39.301"/>
</testsuite> <!-- tests.T16 -->
