<?xml version="1.0" encoding="UTF-8"?>
<!-- Generated by org.testng.reporters.JUnitReportReporter -->
<testsuite hostname="INHYNMKORUKON02" failures="0" tests="1" name="tests.XM3913" time="61.059" errors="0" timestamp="2024-06-18T17:26:36 IST" skipped="0">
  <testcase classname="tests.XM3913" name="dotest" time="61.059"/>
</testsuite> <!-- tests.XM3913 -->
