<?xml version="1.0" encoding="UTF-8"?>
<!-- Generated by org.testng.reporters.JUnitReportReporter -->
<testsuite hostname="INRONSSAHOO101" failures="0" tests="2" name="tests.Xm3920" time="74.120" errors="0" timestamp="2024-04-17T15:00:32 IST" skipped="0">
  <testcase classname="tests.Xm3920" name="sampleTest" time="0.005"/>
  <testcase classname="tests.Xm3920" name="dotest" time="74.115"/>
</testsuite> <!-- tests.Xm3920 -->
