<?xml version="1.0" encoding="UTF-8"?>
<!-- Generated by org.testng.reporters.JUnitReportReporter -->
<testsuite hostname="INRONSSAHOO101" failures="0" tests="2" name="tests.Login" time="5.980" errors="0" timestamp="2024-03-27T10:37:56 IST" skipped="0">
  <testcase classname="tests.Login" name="dotest" time="5.919"/>
  <testcase classname="tests.Login" name="sampleTest" time="0.061"/>
</testsuite> <!-- tests.Login -->
